Using pre-set license
Built from '2020.3/staging' branch; Version is '2020.3.21f1 (a38c86f6690f) revision 10718342'; Using compiler version '192528614'; Build Type 'Release'
OS: 'Windows 10 Pro; OS build 19042.1348; Version 2009; 64bit' Language: 'en' Physical Memory: 32699 MB
BatchMode: 1, IsHumanControllingUs: 0, StartBugReporterOnCrash: 0, Is64bit: 1, IsPro: 0

COMMAND LINE ARGUMENTS:
C:\Program Files\Unity\Hub\Editor\2020.3.21f1\Editor\Unity.exe
-adb2
-batchMode
-noUpm
-name
AssetImportWorker0
-projectPath
E:/Projects/BTL-PTUDG-DinoAdventure
-logFile
Logs/AssetImportWorker0.log
-srvPort
49999
Successfully changed project path to: E:/Projects/BTL-PTUDG-DinoAdventure
E:/Projects/BTL-PTUDG-DinoAdventure
Using Asset Import Pipeline V2.
Refreshing native plugins compatible for Editor in 41.17 ms, found 3 plugins.
Preloading 0 native plugins for Editor in 0.00 ms.
Initialize engine version: 2020.3.21f1 (a38c86f6690f)
[Subsystems] Discovering subsystems at path C:/Program Files/Unity/Hub/Editor/2020.3.21f1/Editor/Data/Resources/UnitySubsystems
[Subsystems] Discovering subsystems at path E:/Projects/BTL-PTUDG-DinoAdventure/Assets
GfxDevice: creating device client; threaded=0
Direct3D:
    Version:  Direct3D 11.0 [level 11.1]
    Renderer: NVIDIA GeForce GTX 1660 SUPER (ID=0x21c4)
    Vendor:   
    VRAM:     5991 MB
    Driver:   27.21.14.5671
Initialize mono
Mono path[0] = 'C:/Program Files/Unity/Hub/Editor/2020.3.21f1/Editor/Data/Managed'
Mono path[1] = 'C:/Program Files/Unity/Hub/Editor/2020.3.21f1/Editor/Data/MonoBleedingEdge/lib/mono/unityjit'
Mono config path = 'C:/Program Files/Unity/Hub/Editor/2020.3.21f1/Editor/Data/MonoBleedingEdge/etc'
Using monoOptions --debugger-agent=transport=dt_socket,embedding=1,server=y,suspend=n,address=127.0.0.1:56140
Begin MonoManager ReloadAssembly
Registering precompiled unity dll's ...
Register platform support module: C:/Program Files/Unity/Hub/Editor/2020.3.21f1/Editor/Data/PlaybackEngines/WindowsStandaloneSupport/UnityEditor.WindowsStandalone.Extensions.dll
Registered in 0.001303 seconds.
Native extension for WindowsStandalone target not found
Refreshing native plugins compatible for Editor in 37.66 ms, found 3 plugins.
Preloading 0 native plugins for Editor in 0.00 ms.
Mono: successfully reloaded assembly
- Completed reload, in  1.557 seconds
Domain Reload Profiling:
	ReloadAssembly (1557ms)
		BeginReloadAssembly (42ms)
			ExecutionOrderSort (0ms)
			DisableScriptedObjects (0ms)
			BackupInstance (0ms)
			ReleaseScriptingObjects (0ms)
			CreateAndSetChildDomain (1ms)
		EndReloadAssembly (357ms)
			LoadAssemblies (40ms)
			RebuildTransferFunctionScriptingTraits (0ms)
			SetupTypeCache (118ms)
			ReleaseScriptCaches (0ms)
			RebuildScriptCaches (24ms)
			SetupLoadedEditorAssemblies (136ms)
				LogAssemblyErrors (0ms)
				InitializePlatformSupportModulesInManaged (3ms)
				SetLoadedEditorAssemblies (0ms)
				RefreshPlugins (38ms)
				BeforeProcessingInitializeOnLoad (14ms)
				ProcessInitializeOnLoadAttributes (60ms)
				ProcessInitializeOnLoadMethodAttributes (22ms)
				AfterProcessingInitializeOnLoad (0ms)
				EditorAssembliesLoaded (0ms)
			ExecutionOrderSort2 (0ms)
			AwakeInstancesAfterBackupRestoration (0ms)
Platform modules already initialized, skipping
Registering precompiled user dll's ...
Registered in 0.002270 seconds.
Begin MonoManager ReloadAssembly
Native extension for WindowsStandalone target not found
Refreshing native plugins compatible for Editor in 38.00 ms, found 3 plugins.
Preloading 0 native plugins for Editor in 0.00 ms.
Mono: successfully reloaded assembly
- Completed reload, in  0.869 seconds
Domain Reload Profiling:
	ReloadAssembly (869ms)
		BeginReloadAssembly (112ms)
			ExecutionOrderSort (0ms)
			DisableScriptedObjects (4ms)
			BackupInstance (0ms)
			ReleaseScriptingObjects (0ms)
			CreateAndSetChildDomain (15ms)
		EndReloadAssembly (711ms)
			LoadAssemblies (66ms)
			RebuildTransferFunctionScriptingTraits (0ms)
			SetupTypeCache (232ms)
			ReleaseScriptCaches (0ms)
			RebuildScriptCaches (38ms)
			SetupLoadedEditorAssemblies (277ms)
				LogAssemblyErrors (0ms)
				InitializePlatformSupportModulesInManaged (3ms)
				SetLoadedEditorAssemblies (0ms)
				RefreshPlugins (38ms)
				BeforeProcessingInitializeOnLoad (64ms)
				ProcessInitializeOnLoadAttributes (154ms)
				ProcessInitializeOnLoadMethodAttributes (14ms)
				AfterProcessingInitializeOnLoad (4ms)
				EditorAssembliesLoaded (0ms)
			ExecutionOrderSort2 (0ms)
			AwakeInstancesAfterBackupRestoration (5ms)
Platform modules already initialized, skipping
========================================================================
Worker process is ready to serve import requests
Launched and connected shader compiler UnityShaderCompiler.exe after 0.05 seconds
Refreshing native plugins compatible for Editor in 0.62 ms, found 3 plugins.
Preloading 0 native plugins for Editor in 0.00 ms.
Unloading 2306 Unused Serialized files (Serialized files now loaded: 0)
System memory in use before: 99.1 MB.
System memory in use after: 99.3 MB.

Unloading 41 unused Assets to reduce memory usage. Loaded Objects now: 2727.
Total: 2.864400 ms (FindLiveObjects: 0.211700 ms CreateObjectMapping: 0.071000 ms MarkObjects: 2.481400 ms  DeleteObjects: 0.099200 ms)

AssetImportParameters requested are different than current active one (requested -> active):
  custom:framework-win-MediaFoundation: 216162199b28c13a410421893ffa2e32 -> 
  custom:video-decoder-ogg-theora: a1e56fd34408186e4bbccfd4996cb3dc -> 
  custom:container-muxer-webm: aa71ff27fc2769a1b78a27578f13a17b -> 
  custom:container-demuxer-webm: 4f35f7cbe854078d1ac9338744f61a02 -> 
  custom:container-demuxer-ogg: 62fdf1f143b41e24485cea50d1cbac27 -> 
  custom:video-encoder-webm-vp8: eb34c28f22e8b96e1ab97ce403110664 -> 
  custom:video-decoder-webm-vp8: 9c59270c3fd7afecdb556c50c9e8de78 -> 
  custom:audio-decoder-ogg-vorbis: bf7c407c2cedff20999df2af8eb42d56 -> 
  custom:audio-encoder-webm-vorbis: bf7c407c2cedff20999df2af8eb42d56 -> 
========================================================================
Received Import Request.
  path: Assets/Scripts/UIScripts
  artifactKey: Guid(cb8eb2b8bd7189d4781981e9bb7b0395) Importer(815301076,1909f56bfc062723c751e8b465ee728b)
Start importing Assets/Scripts/UIScripts using Guid(cb8eb2b8bd7189d4781981e9bb7b0395) Importer(815301076,1909f56bfc062723c751e8b465ee728b)  -> (artifact id: 'aa250e8cf6c2e8903129d0859f3c51a2') in 0.006804 seconds 
  Import took 0.009765 seconds .

========================================================================
Received Import Request.
  Time since last request: 831.051302 seconds.
  path: Assets/GUI/2073.jpg
  artifactKey: Guid(8690c4013b4bdbe4a9a31c23e1bd8feb) Importer(815301076,1909f56bfc062723c751e8b465ee728b)
Start importing Assets/GUI/2073.jpg using Guid(8690c4013b4bdbe4a9a31c23e1bd8feb) Importer(815301076,1909f56bfc062723c751e8b465ee728b)  -> (artifact id: '6c2dfb8fde0f6ec7a331d5c91b16d449') in 0.134679 seconds 
  Import took 0.139234 seconds .

========================================================================
Received Import Request.
  Time since last request: 0.000201 seconds.
  path: Assets/GUI/button_reload.png
  artifactKey: Guid(50e826faf2575854fb06e9bd6823b3e8) Importer(815301076,1909f56bfc062723c751e8b465ee728b)
Start importing Assets/GUI/button_reload.png using Guid(50e826faf2575854fb06e9bd6823b3e8) Importer(815301076,1909f56bfc062723c751e8b465ee728b)  -> (artifact id: 'a4193bcecfe5f04dc62b7d69f37d5800') in 0.017109 seconds 
  Import took 0.019990 seconds .

========================================================================
Received Import Request.
  Time since last request: 0.000140 seconds.
  path: Assets/GUI/button_setting.png
  artifactKey: Guid(d20fa6ad56aacfb47a784f4194192aea) Importer(815301076,1909f56bfc062723c751e8b465ee728b)
Start importing Assets/GUI/button_setting.png using Guid(d20fa6ad56aacfb47a784f4194192aea) Importer(815301076,1909f56bfc062723c751e8b465ee728b)  -> (artifact id: '48d5492ae9483635427caea1c8298bde') in 0.014701 seconds 
  Import took 0.018093 seconds .

========================================================================
Received Import Request.
  Time since last request: 0.000131 seconds.
  path: Assets/GUI/button_about.png
  artifactKey: Guid(4efc2db04759f094e8aa81865728afe9) Importer(815301076,1909f56bfc062723c751e8b465ee728b)
Start importing Assets/GUI/button_about.png using Guid(4efc2db04759f094e8aa81865728afe9) Importer(815301076,1909f56bfc062723c751e8b465ee728b)  -> (artifact id: '0817115a444169508403a91127141383') in 0.013309 seconds 
  Import took 0.016446 seconds .

========================================================================
Received Import Request.
  Time since last request: 0.000153 seconds.
  path: Assets/GUI/button_play.png
  artifactKey: Guid(3dcdd1c384dd77f469aefe8ba023d231) Importer(815301076,1909f56bfc062723c751e8b465ee728b)
Start importing Assets/GUI/button_play.png using Guid(3dcdd1c384dd77f469aefe8ba023d231) Importer(815301076,1909f56bfc062723c751e8b465ee728b)  -> (artifact id: '1a4ef0770821d39b7e18a686af7b8392') in 0.024529 seconds 
  Import took 0.027563 seconds .

========================================================================
Received Import Request.
  Time since last request: 12.183609 seconds.
  path: Assets/GUI
  artifactKey: Guid(d383a5138c5c51a48a47f56f38720738) Importer(815301076,1909f56bfc062723c751e8b465ee728b)
Start importing Assets/GUI using Guid(d383a5138c5c51a48a47f56f38720738) Importer(815301076,1909f56bfc062723c751e8b465ee728b)  -> (artifact id: '2d4878edeafc75684fed26881c740ed9') in 0.004609 seconds 
  Import took 0.008131 seconds .

========================================================================
Received Import Request.
  Time since last request: 26.450796 seconds.
  path: Assets/GUI/ads+move.png
  artifactKey: Guid(6a03ceaa6de77884da551f4fab626ba5) Importer(815301076,1909f56bfc062723c751e8b465ee728b)
Start importing Assets/GUI/ads+move.png using Guid(6a03ceaa6de77884da551f4fab626ba5) Importer(815301076,1909f56bfc062723c751e8b465ee728b)  -> (artifact id: 'e815d4be2f21aca289471043c17673d3') in 0.018878 seconds 
  Import took 0.022130 seconds .

========================================================================
Received Import Request.
  Time since last request: 0.000271 seconds.
  path: Assets/GUI/completed-text.png
  artifactKey: Guid(ee8d9741ec4e810408830d4f211cea50) Importer(815301076,1909f56bfc062723c751e8b465ee728b)
Start importing Assets/GUI/completed-text.png using Guid(ee8d9741ec4e810408830d4f211cea50) Importer(815301076,1909f56bfc062723c751e8b465ee728b)  -> (artifact id: '354f06d0548eaa8b568fd01c9d65fa87') in 0.011850 seconds 
  Import took 0.014975 seconds .

========================================================================
Received Import Request.
  Time since last request: 0.000249 seconds.
  path: Assets/GUI/menu.png
  artifactKey: Guid(4a9098f2f6580bf4d9cda33ec618398e) Importer(815301076,1909f56bfc062723c751e8b465ee728b)
Start importing Assets/GUI/menu.png using Guid(4a9098f2f6580bf4d9cda33ec618398e) Importer(815301076,1909f56bfc062723c751e8b465ee728b)  -> (artifact id: '43427c2114dbc28a5518d0dcc69d0261') in 0.012146 seconds 
  Import took 0.015171 seconds .

========================================================================
Received Import Request.
  Time since last request: 0.000142 seconds.
  path: Assets/GUI/next-level.png
  artifactKey: Guid(ced2d7783a6dc5f4e8d6a31e18ae91d4) Importer(815301076,1909f56bfc062723c751e8b465ee728b)
Start importing Assets/GUI/next-level.png using Guid(ced2d7783a6dc5f4e8d6a31e18ae91d4) Importer(815301076,1909f56bfc062723c751e8b465ee728b)  -> (artifact id: '597775756b98631353fe3edc6ba9283b') in 0.019413 seconds 
  Import took 0.022650 seconds .

========================================================================
Received Import Request.
  Time since last request: 0.000155 seconds.
  path: Assets/GUI/rate.png
  artifactKey: Guid(91396a61458beb44a9397eb3c7e60a99) Importer(815301076,1909f56bfc062723c751e8b465ee728b)
Start importing Assets/GUI/rate.png using Guid(91396a61458beb44a9397eb3c7e60a99) Importer(815301076,1909f56bfc062723c751e8b465ee728b)  -> (artifact id: 'aa11b8220f51b8a68d4f2c0d215e07fc') in 0.015515 seconds 
  Import took 0.018573 seconds .

========================================================================
Received Import Request.
  Time since last request: 0.000122 seconds.
  path: Assets/GUI/vibrate.png
  artifactKey: Guid(1ad1771c8d2e8494fb0367d92bdbb32c) Importer(815301076,1909f56bfc062723c751e8b465ee728b)
Start importing Assets/GUI/vibrate.png using Guid(1ad1771c8d2e8494fb0367d92bdbb32c) Importer(815301076,1909f56bfc062723c751e8b465ee728b)  -> (artifact id: '175d9b1f080d31660c7170bd44895ad4') in 0.024958 seconds 
  Import took 0.027955 seconds .

========================================================================
Received Import Request.
  Time since last request: 0.000151 seconds.
  path: Assets/GUI/x.png
  artifactKey: Guid(ff1f4af6d8869b941b887bad1f935335) Importer(815301076,1909f56bfc062723c751e8b465ee728b)
Start importing Assets/GUI/x.png using Guid(ff1f4af6d8869b941b887bad1f935335) Importer(815301076,1909f56bfc062723c751e8b465ee728b)  -> (artifact id: '5b5519f7dd59c67abdf2a04a0b06e19c') in 0.027549 seconds 
  Import took 0.030483 seconds .

========================================================================
Received Import Request.
  Time since last request: 0.000124 seconds.
  path: Assets/GUI/star-gray.png
  artifactKey: Guid(1739330139f24c747804f8f8c690149d) Importer(815301076,1909f56bfc062723c751e8b465ee728b)
Start importing Assets/GUI/star-gray.png using Guid(1739330139f24c747804f8f8c690149d) Importer(815301076,1909f56bfc062723c751e8b465ee728b)  -> (artifact id: '9fdfdfd40682e2ccfed432637db9a04c') in 0.025255 seconds 
  Import took 0.028223 seconds .

========================================================================
Received Import Request.
  Time since last request: 0.000131 seconds.
  path: Assets/GUI/popup-rate-policy.png
  artifactKey: Guid(c3003fbaf321da844907be1ca62a212e) Importer(815301076,1909f56bfc062723c751e8b465ee728b)
Start importing Assets/GUI/popup-rate-policy.png using Guid(c3003fbaf321da844907be1ca62a212e) Importer(815301076,1909f56bfc062723c751e8b465ee728b)  -> (artifact id: '8d0710c935b35505bebfcb33f7e3632f') in 0.017640 seconds 
  Import took 0.020692 seconds .

========================================================================
Received Import Request.
  Time since last request: 0.000132 seconds.
  path: Assets/GUI/bg.png
  artifactKey: Guid(709b34c6a82c3b049969cec6d78acf63) Importer(815301076,1909f56bfc062723c751e8b465ee728b)
Start importing Assets/GUI/bg.png using Guid(709b34c6a82c3b049969cec6d78acf63) Importer(815301076,1909f56bfc062723c751e8b465ee728b)  -> (artifact id: '71d23f02204137a0451c23e1b5dd18bf') in 0.038100 seconds 
  Import took 0.041198 seconds .

========================================================================
Received Import Request.
  Time since last request: 0.000133 seconds.
  path: Assets/GUI/ribbon.png
  artifactKey: Guid(9373383a0268d434484261925b3fb8cd) Importer(815301076,1909f56bfc062723c751e8b465ee728b)
Start importing Assets/GUI/ribbon.png using Guid(9373383a0268d434484261925b3fb8cd) Importer(815301076,1909f56bfc062723c751e8b465ee728b)  -> (artifact id: '57bb910a332914866cbc0f91d67603ad') in 0.013603 seconds 
  Import took 0.016877 seconds .

========================================================================
Received Import Request.
  Time since last request: 0.000125 seconds.
  path: Assets/GUI/sound.png
  artifactKey: Guid(0225fe3d3c748a5469e0224dc93ccc4e) Importer(815301076,1909f56bfc062723c751e8b465ee728b)
Start importing Assets/GUI/sound.png using Guid(0225fe3d3c748a5469e0224dc93ccc4e) Importer(815301076,1909f56bfc062723c751e8b465ee728b)  -> (artifact id: 'c07fa91ee28253e213e6ff3e9c8f095c') in 0.011181 seconds 
  Import took 0.014574 seconds .

========================================================================
Received Import Request.
  Time since last request: 0.000176 seconds.
  path: Assets/GUI/back.png
  artifactKey: Guid(e5118729d15251746b02fad18e270abc) Importer(815301076,1909f56bfc062723c751e8b465ee728b)
Start importing Assets/GUI/back.png using Guid(e5118729d15251746b02fad18e270abc) Importer(815301076,1909f56bfc062723c751e8b465ee728b)  -> (artifact id: 'e44e579d17f3e28d3b38137da94f5611') in 0.010982 seconds 
  Import took 0.014196 seconds .

========================================================================
Received Import Request.
  Time since last request: 0.000127 seconds.
  path: Assets/GUI/star.png
  artifactKey: Guid(375fff5434a2d5e43aa02f5bd57f1afd) Importer(815301076,1909f56bfc062723c751e8b465ee728b)
Start importing Assets/GUI/star.png using Guid(375fff5434a2d5e43aa02f5bd57f1afd) Importer(815301076,1909f56bfc062723c751e8b465ee728b)  -> (artifact id: 'a33b8ba763983e1b3b43c77b66d8a51b') in 0.012811 seconds 
  Import took 0.015852 seconds .

========================================================================
Received Import Request.
  Time since last request: 0.000179 seconds.
  path: Assets/GUI/restart.png
  artifactKey: Guid(c37d086c1d9e2414a9bec670e0cc4d66) Importer(815301076,1909f56bfc062723c751e8b465ee728b)
Start importing Assets/GUI/restart.png using Guid(c37d086c1d9e2414a9bec670e0cc4d66) Importer(815301076,1909f56bfc062723c751e8b465ee728b)  -> (artifact id: 'f177fc15930ec691f84ace72ab810d61') in 0.010592 seconds 
  Import took 0.013902 seconds .

========================================================================
Received Import Request.
  Time since last request: 0.000117 seconds.
  path: Assets/GUI/popup-wingame.png
  artifactKey: Guid(2530e35d95e8ca744b9811084a56327a) Importer(815301076,1909f56bfc062723c751e8b465ee728b)
Start importing Assets/GUI/popup-wingame.png using Guid(2530e35d95e8ca744b9811084a56327a) Importer(815301076,1909f56bfc062723c751e8b465ee728b)  -> (artifact id: 'c278de533696702c0eaaf157e4c7d14b') in 0.015382 seconds 
  Import took 0.018447 seconds .

========================================================================
Received Import Request.
  Time since last request: 0.000134 seconds.
  path: Assets/GUI/button-green.png
  artifactKey: Guid(b05fd7122aae4ff41bce1a2ca45bfeba) Importer(815301076,1909f56bfc062723c751e8b465ee728b)
Start importing Assets/GUI/button-green.png using Guid(b05fd7122aae4ff41bce1a2ca45bfeba) Importer(815301076,1909f56bfc062723c751e8b465ee728b)  -> (artifact id: '71d44555b7a952d07a67dceb4bcd622d') in 0.010815 seconds 
  Import took 0.014006 seconds .

========================================================================
Received Import Request.
  Time since last request: 0.000122 seconds.
  path: Assets/GUI/headup-popup.png
  artifactKey: Guid(10a5e45ddcc3c55478e9b57525657b3a) Importer(815301076,1909f56bfc062723c751e8b465ee728b)
Start importing Assets/GUI/headup-popup.png using Guid(10a5e45ddcc3c55478e9b57525657b3a) Importer(815301076,1909f56bfc062723c751e8b465ee728b)  -> (artifact id: '9f307b74d822831efd7efe83ecdfc9c6') in 0.010761 seconds 
  Import took 0.013770 seconds .

========================================================================
Received Import Request.
  Time since last request: 345.321432 seconds.
  path: Assets/Font/FreePixel SDF.asset
  artifactKey: Guid(8fc38ad0536213f4cab645f91cdc4813) Importer(815301076,1909f56bfc062723c751e8b465ee728b)
Start importing Assets/Font/FreePixel SDF.asset using Guid(8fc38ad0536213f4cab645f91cdc4813) Importer(815301076,1909f56bfc062723c751e8b465ee728b) UnassignedReferenceException: The variable material of TMP_FontAsset has not been assigned.
You probably need to assign the material variable of the TMP_FontAsset script in the inspector.
  at (wrapper managed-to-native) UnityEngine.Material.HasProperty(UnityEngine.Material,int)
  at TMPro.TMP_FontAsset.ReadFontAssetDefinition () [0x0008f] in E:\Projects\BTL-PTUDG-DinoAdventure\Library\PackageCache\com.unity.textmeshpro@3.0.6\Scripts\Runtime\TMP_FontAsset.cs:588 
  at TMPro.TMP_FontAsset.OnValidate () [0x00010] in E:\Projects\BTL-PTUDG-DinoAdventure\Library\PackageCache\com.unity.textmeshpro@3.0.6\Scripts\Runtime\TMP_FontAsset.cs:555 

(Filename: Library/PackageCache/com.unity.textmeshpro@3.0.6/Scripts/Runtime/TMP_FontAsset.cs Line: 588)

 -> (artifact id: '5c33e8814500e772f2c444919c44a19e') in 0.033987 seconds 
  Import took 0.038130 seconds .

========================================================================
Received Import Request.
  Time since last request: 0.000237 seconds.
  path: Assets/Font/FreePixel.ttf
  artifactKey: Guid(756af7ba8f892ec489ae8be36745064b) Importer(815301076,1909f56bfc062723c751e8b465ee728b)
Start importing Assets/Font/FreePixel.ttf using Guid(756af7ba8f892ec489ae8be36745064b) Importer(815301076,1909f56bfc062723c751e8b465ee728b)  -> (artifact id: '46633f22ef1c4e48be2c758adfb75120') in 0.040117 seconds 
  Import took 0.043192 seconds .

========================================================================
Received Import Request.
  Time since last request: 131.768628 seconds.
  path: Assets/Font
  artifactKey: Guid(9c234d77112ec6b428f71e5e2b0b93b6) Importer(815301076,1909f56bfc062723c751e8b465ee728b)
Start importing Assets/Font using Guid(9c234d77112ec6b428f71e5e2b0b93b6) Importer(815301076,1909f56bfc062723c751e8b465ee728b)  -> (artifact id: 'd18773f5f2d71e617654c8b268bf23c6') in 0.005030 seconds 
  Import took 0.008600 seconds .

========================================================================
Received Import Request.
  Time since last request: 11.129799 seconds.
  path: Assets/Font/MYRIADPRO-BLACK.OTF
  artifactKey: Guid(a9416c3982cf442429d78259a0835bc3) Importer(815301076,1909f56bfc062723c751e8b465ee728b)
Start importing Assets/Font/MYRIADPRO-BLACK.OTF using Guid(a9416c3982cf442429d78259a0835bc3) Importer(815301076,1909f56bfc062723c751e8b465ee728b)  -> (artifact id: '616b37c97a2433ea28704279f0053819') in 0.016238 seconds 
  Import took 0.019623 seconds .

========================================================================
Received Import Request.
  Time since last request: 0.000131 seconds.
  path: Assets/Font/MYRIADPRO-BOLDCONDIT.OTF
  artifactKey: Guid(3b222a9df2927ee4394b0a96a02f9cb4) Importer(815301076,1909f56bfc062723c751e8b465ee728b)
Start importing Assets/Font/MYRIADPRO-BOLDCONDIT.OTF using Guid(3b222a9df2927ee4394b0a96a02f9cb4) Importer(815301076,1909f56bfc062723c751e8b465ee728b)  -> (artifact id: 'b26168df97e544d6890d120bc4d2c446') in 0.030558 seconds 
  Import took 0.033760 seconds .

========================================================================
Received Import Request.
  Time since last request: 0.000127 seconds.
  path: Assets/Font/MYRIADPRO-BOLD.OTF
  artifactKey: Guid(6beb8a28413b63b4f8f0cb69d1ccb56d) Importer(815301076,1909f56bfc062723c751e8b465ee728b)
Start importing Assets/Font/MYRIADPRO-BOLD.OTF using Guid(6beb8a28413b63b4f8f0cb69d1ccb56d) Importer(815301076,1909f56bfc062723c751e8b465ee728b)  -> (artifact id: 'c4b35b95b413087e2742cc3ddfc60e40') in 0.022612 seconds 
  Import took 0.025787 seconds .

========================================================================
Received Import Request.
  Time since last request: 0.000187 seconds.
  path: Assets/Font/MYRIADPRO-IT.OTF
  artifactKey: Guid(4a505e2ba27f10a49a2e0cb750fb4829) Importer(815301076,1909f56bfc062723c751e8b465ee728b)
Start importing Assets/Font/MYRIADPRO-IT.OTF using Guid(4a505e2ba27f10a49a2e0cb750fb4829) Importer(815301076,1909f56bfc062723c751e8b465ee728b)  -> (artifact id: 'f73717442b7c725da26ec488c1e15ba3') in 0.023224 seconds 
  Import took 0.026300 seconds .

========================================================================
Received Import Request.
  Time since last request: 0.000181 seconds.
  path: Assets/Font/MYRIADPRO-SEMIBOLDSEMICNIT.OTF
  artifactKey: Guid(8a44cd3ab13c8a24e8cc2bbbe64eb736) Importer(815301076,1909f56bfc062723c751e8b465ee728b)
Start importing Assets/Font/MYRIADPRO-SEMIBOLDSEMICNIT.OTF using Guid(8a44cd3ab13c8a24e8cc2bbbe64eb736) Importer(815301076,1909f56bfc062723c751e8b465ee728b)  -> (artifact id: '2fdae62a8e096f41b268ca1cae5e6ba5') in 0.025432 seconds 
  Import took 0.028325 seconds .

========================================================================
Received Import Request.
  Time since last request: 0.000154 seconds.
  path: Assets/Font/MYRIADPRO-COND.OTF
  artifactKey: Guid(65adfa99621b3c847a9699d789c2d1d7) Importer(815301076,1909f56bfc062723c751e8b465ee728b)
Start importing Assets/Font/MYRIADPRO-COND.OTF using Guid(65adfa99621b3c847a9699d789c2d1d7) Importer(815301076,1909f56bfc062723c751e8b465ee728b)  -> (artifact id: '8f678a1f772b3431ec7b0065ab5601ce') in 0.020848 seconds 
  Import took 0.023919 seconds .

========================================================================
Received Import Request.
  Time since last request: 0.000189 seconds.
  path: Assets/Font/MYRIADPRO-LIGHTIT.OTF
  artifactKey: Guid(2fe6ce8569b7e844a8aa9a274a6444c9) Importer(815301076,1909f56bfc062723c751e8b465ee728b)
Start importing Assets/Font/MYRIADPRO-LIGHTIT.OTF using Guid(2fe6ce8569b7e844a8aa9a274a6444c9) Importer(815301076,1909f56bfc062723c751e8b465ee728b)  -> (artifact id: '8438df6018a0febe53198205ee3975b8') in 0.018510 seconds 
  Import took 0.021735 seconds .

========================================================================
Received Import Request.
  Time since last request: 0.000138 seconds.
  path: Assets/Font/MYRIADPRO-SEMIBOLDSEMIEXT.OTF
  artifactKey: Guid(58bd3f4c7005cfd47a92f3c5756baf28) Importer(815301076,1909f56bfc062723c751e8b465ee728b)
Start importing Assets/Font/MYRIADPRO-SEMIBOLDSEMIEXT.OTF using Guid(58bd3f4c7005cfd47a92f3c5756baf28) Importer(815301076,1909f56bfc062723c751e8b465ee728b)  -> (artifact id: '834854cdcd7536b3eb3fe077a5dbcb10') in 0.022184 seconds 
  Import took 0.025202 seconds .

========================================================================
Received Import Request.
  Time since last request: 0.000187 seconds.
  path: Assets/Font/MYRIADPRO-SEMIBOLDSEMIEXTIT.OTF
  artifactKey: Guid(f55eb8d6bfe04a24387ef73d2cd282b4) Importer(815301076,1909f56bfc062723c751e8b465ee728b)
Start importing Assets/Font/MYRIADPRO-SEMIBOLDSEMIEXTIT.OTF using Guid(f55eb8d6bfe04a24387ef73d2cd282b4) Importer(815301076,1909f56bfc062723c751e8b465ee728b)  -> (artifact id: '9c3072172303a8f94dc835fabe791a1d') in 0.019501 seconds 
  Import took 0.022505 seconds .

========================================================================
Received Import Request.
  Time since last request: 0.000172 seconds.
  path: Assets/Font/MYRIADPRO-BLACKCONDIT.OTF
  artifactKey: Guid(cc38c52ca828aaa4c987b12ab53002a4) Importer(815301076,1909f56bfc062723c751e8b465ee728b)
Start importing Assets/Font/MYRIADPRO-BLACKCONDIT.OTF using Guid(cc38c52ca828aaa4c987b12ab53002a4) Importer(815301076,1909f56bfc062723c751e8b465ee728b)  -> (artifact id: '5d5f0b438b915fa077fdfb7c6ccaf41b') in 0.013097 seconds 
  Import took 0.016277 seconds .

========================================================================
Received Import Request.
  Time since last request: 0.000175 seconds.
  path: Assets/Font/MYRIADPRO-BOLDSEMIEXTIT.OTF
  artifactKey: Guid(59528932b1c18d74f8db72e061860b00) Importer(815301076,1909f56bfc062723c751e8b465ee728b)
Start importing Assets/Font/MYRIADPRO-BOLDSEMIEXTIT.OTF using Guid(59528932b1c18d74f8db72e061860b00) Importer(815301076,1909f56bfc062723c751e8b465ee728b)  -> (artifact id: 'c54812882e629fcb4ea4e1f385e9011d') in 0.010759 seconds 
  Import took 0.013955 seconds .

========================================================================
Received Import Request.
  Time since last request: 0.000140 seconds.
  path: Assets/Font/MYRIADPRO-BOLDCOND.OTF
  artifactKey: Guid(1aa7cd118157f0448a7124ede8f26f27) Importer(815301076,1909f56bfc062723c751e8b465ee728b)
Start importing Assets/Font/MYRIADPRO-BOLDCOND.OTF using Guid(1aa7cd118157f0448a7124ede8f26f27) Importer(815301076,1909f56bfc062723c751e8b465ee728b)  -> (artifact id: '2fbad7f501917a29f4d1af847c1147f7') in 0.010724 seconds 
  Import took 0.014285 seconds .

========================================================================
Received Import Request.
  Time since last request: 0.000230 seconds.
  path: Assets/Font/MYRIADPRO-LIGHTCOND.OTF
  artifactKey: Guid(57a5d29813c3a4f40b9f0d41e35b1bee) Importer(815301076,1909f56bfc062723c751e8b465ee728b)
Start importing Assets/Font/MYRIADPRO-LIGHTCOND.OTF using Guid(57a5d29813c3a4f40b9f0d41e35b1bee) Importer(815301076,1909f56bfc062723c751e8b465ee728b)  -> (artifact id: 'f642d4c86a6424a8ad3c948ce9a17c18') in 0.010533 seconds 
  Import took 0.013925 seconds .

========================================================================
Received Import Request.
  Time since last request: 0.000137 seconds.
  path: Assets/Font/MYRIADPRO-LIGHTSEMICNIT.OTF
  artifactKey: Guid(d7872340cfa959a4bbb419739e6cc966) Importer(815301076,1909f56bfc062723c751e8b465ee728b)
Start importing Assets/Font/MYRIADPRO-LIGHTSEMICNIT.OTF using Guid(d7872340cfa959a4bbb419739e6cc966) Importer(815301076,1909f56bfc062723c751e8b465ee728b)  -> (artifact id: '4db5df69af0e5bf0f8e187ba64575a3c') in 0.010525 seconds 
  Import took 0.014424 seconds .

========================================================================
Received Import Request.
  Time since last request: 0.000165 seconds.
  path: Assets/Font/MYRIADPRO-LIGHTCONDIT.OTF
  artifactKey: Guid(5e83c7f6152d92247ac7c77da7e53110) Importer(815301076,1909f56bfc062723c751e8b465ee728b)
Start importing Assets/Font/MYRIADPRO-LIGHTCONDIT.OTF using Guid(5e83c7f6152d92247ac7c77da7e53110) Importer(815301076,1909f56bfc062723c751e8b465ee728b)  -> (artifact id: '661b22cc90e471db6479d09a92ed83e6') in 0.011513 seconds 
  Import took 0.014829 seconds .

========================================================================
Received Import Request.
  Time since last request: 0.000140 seconds.
  path: Assets/Font/MYRIADPRO-REGULAR.OTF
  artifactKey: Guid(feef666292fd28f4dad2a6507fdb103c) Importer(815301076,1909f56bfc062723c751e8b465ee728b)
Start importing Assets/Font/MYRIADPRO-REGULAR.OTF using Guid(feef666292fd28f4dad2a6507fdb103c) Importer(815301076,1909f56bfc062723c751e8b465ee728b)  -> (artifact id: 'cfb8ca24845e92eb5020f55e55b05562') in 0.011401 seconds 
  Import took 0.016160 seconds .

========================================================================
Received Import Request.
  Time since last request: 0.000139 seconds.
  path: Assets/Font/MYRIADPRO-SEMICN.OTF
  artifactKey: Guid(9580337a45a43104cb6f6e8914d02b80) Importer(815301076,1909f56bfc062723c751e8b465ee728b)
Start importing Assets/Font/MYRIADPRO-SEMICN.OTF using Guid(9580337a45a43104cb6f6e8914d02b80) Importer(815301076,1909f56bfc062723c751e8b465ee728b)  -> (artifact id: '8b9eefde09dacb5b8fd558a4384626e3') in 0.010883 seconds 
  Import took 0.014437 seconds .

========================================================================
Received Import Request.
  Time since last request: 0.000144 seconds.
  path: Assets/Font/MYRIADPRO-SEMICNIT.OTF
  artifactKey: Guid(be1fd041ee532ba44b98f6c99bf4100a) Importer(815301076,1909f56bfc062723c751e8b465ee728b)
Start importing Assets/Font/MYRIADPRO-SEMICNIT.OTF using Guid(be1fd041ee532ba44b98f6c99bf4100a) Importer(815301076,1909f56bfc062723c751e8b465ee728b)  -> (artifact id: '58a044657ca7294a42757d81740ade91') in 0.010946 seconds 
  Import took 0.014361 seconds .

========================================================================
Received Import Request.
  Time since last request: 0.000176 seconds.
  path: Assets/Font/MYRIADPRO-BLACKSEMIEXTIT.OTF
  artifactKey: Guid(c62092c1df1fcc94ebccc1f77fe48425) Importer(815301076,1909f56bfc062723c751e8b465ee728b)
Start importing Assets/Font/MYRIADPRO-BLACKSEMIEXTIT.OTF using Guid(c62092c1df1fcc94ebccc1f77fe48425) Importer(815301076,1909f56bfc062723c751e8b465ee728b)  -> (artifact id: '3e61ed982962609536f92a60dce869a1') in 0.010960 seconds 
  Import took 0.014098 seconds .

========================================================================
Received Import Request.
  Time since last request: 0.000130 seconds.
  path: Assets/Font/MYRIADPRO-SEMIEXT.OTF
  artifactKey: Guid(0d9ab0e4b161b114ebddfa6731edf6d5) Importer(815301076,1909f56bfc062723c751e8b465ee728b)
Start importing Assets/Font/MYRIADPRO-SEMIEXT.OTF using Guid(0d9ab0e4b161b114ebddfa6731edf6d5) Importer(815301076,1909f56bfc062723c751e8b465ee728b)  -> (artifact id: 'f662e2acb5a1b677689cc7c197626a79') in 0.011328 seconds 
  Import took 0.014659 seconds .

========================================================================
Received Import Request.
  Time since last request: 0.000146 seconds.
  path: Assets/Font/MYRIADPRO-LIGHT.OTF
  artifactKey: Guid(6b2f5502d2343fd4cac1ed178605b021) Importer(815301076,1909f56bfc062723c751e8b465ee728b)
Start importing Assets/Font/MYRIADPRO-LIGHT.OTF using Guid(6b2f5502d2343fd4cac1ed178605b021) Importer(815301076,1909f56bfc062723c751e8b465ee728b)  -> (artifact id: '95c4c42165fb5cc7b542cbdf40f1e32d') in 0.010816 seconds 
  Import took 0.014798 seconds .

========================================================================
Received Import Request.
  Time since last request: 0.000133 seconds.
  path: Assets/Font/MYRIADPRO-BLACKSEMICNIT.OTF
  artifactKey: Guid(ff8ef57f0bd78304fabb5e06429a35ae) Importer(815301076,1909f56bfc062723c751e8b465ee728b)
Start importing Assets/Font/MYRIADPRO-BLACKSEMICNIT.OTF using Guid(ff8ef57f0bd78304fabb5e06429a35ae) Importer(815301076,1909f56bfc062723c751e8b465ee728b)  -> (artifact id: 'e206a1782f14dd75f8a5ae980dddfbc0') in 0.012097 seconds 
  Import took 0.015416 seconds .

========================================================================
Received Import Request.
  Time since last request: 0.000156 seconds.
  path: Assets/Font/MYRIADPRO-BLACKSEMIEXT.OTF
  artifactKey: Guid(471e339cc856f4f4c9ff7760b369d61f) Importer(815301076,1909f56bfc062723c751e8b465ee728b)
Start importing Assets/Font/MYRIADPRO-BLACKSEMIEXT.OTF using Guid(471e339cc856f4f4c9ff7760b369d61f) Importer(815301076,1909f56bfc062723c751e8b465ee728b)  -> (artifact id: '9a43e83857c37dea50a39c6854ee53bc') in 0.010654 seconds 
  Import took 0.014817 seconds .

========================================================================
Received Import Request.
  Time since last request: 0.000183 seconds.
  path: Assets/Font/MYRIADPRO-BOLDSEMICN.OTF
  artifactKey: Guid(99c63399f15b742438f9310ef18053ea) Importer(815301076,1909f56bfc062723c751e8b465ee728b)
Start importing Assets/Font/MYRIADPRO-BOLDSEMICN.OTF using Guid(99c63399f15b742438f9310ef18053ea) Importer(815301076,1909f56bfc062723c751e8b465ee728b)  -> (artifact id: 'c552a828dda62e4bfacd31a7ed202258') in 0.011003 seconds 
  Import took 0.014922 seconds .

========================================================================
Received Import Request.
  Time since last request: 0.000164 seconds.
  path: Assets/Font/MYRIADPRO-LIGHTSEMICN.OTF
  artifactKey: Guid(1a21488938ab59543be5e4a792a543f9) Importer(815301076,1909f56bfc062723c751e8b465ee728b)
Start importing Assets/Font/MYRIADPRO-LIGHTSEMICN.OTF using Guid(1a21488938ab59543be5e4a792a543f9) Importer(815301076,1909f56bfc062723c751e8b465ee728b)  -> (artifact id: 'ce9292687e47f9432458ce0ebfb0ac0e') in 0.011092 seconds 
  Import took 0.014707 seconds .

========================================================================
Received Import Request.
  Time since last request: 0.000165 seconds.
  path: Assets/Font/MYRIADPRO-CONDIT.OTF
  artifactKey: Guid(312374d54c0367745ac1863f16ef4f58) Importer(815301076,1909f56bfc062723c751e8b465ee728b)
Start importing Assets/Font/MYRIADPRO-CONDIT.OTF using Guid(312374d54c0367745ac1863f16ef4f58) Importer(815301076,1909f56bfc062723c751e8b465ee728b)  -> (artifact id: 'c69e034ca8c971d0a779f843beca9b95') in 0.011554 seconds 
  Import took 0.014735 seconds .

========================================================================
Received Import Request.
  Time since last request: 0.000150 seconds.
  path: Assets/Font/MYRIADPRO-BOLDSEMIEXT.OTF
  artifactKey: Guid(53d4bf0d334982048b6718b152d8192c) Importer(815301076,1909f56bfc062723c751e8b465ee728b)
Start importing Assets/Font/MYRIADPRO-BOLDSEMIEXT.OTF using Guid(53d4bf0d334982048b6718b152d8192c) Importer(815301076,1909f56bfc062723c751e8b465ee728b)  -> (artifact id: '6135814e65d89fe2a1b7473e3dc09107') in 0.011355 seconds 
  Import took 0.014842 seconds .

========================================================================
Received Import Request.
  Time since last request: 0.000142 seconds.
  path: Assets/Font/MYRIADPRO-SEMIBOLDCOND.OTF
  artifactKey: Guid(e92bd63c64a182f44a67476512aed1ac) Importer(815301076,1909f56bfc062723c751e8b465ee728b)
Start importing Assets/Font/MYRIADPRO-SEMIBOLDCOND.OTF using Guid(e92bd63c64a182f44a67476512aed1ac) Importer(815301076,1909f56bfc062723c751e8b465ee728b)  -> (artifact id: 'be1c0d7ab39e5e934d21effb949e1db0') in 0.010424 seconds 
  Import took 0.013958 seconds .

========================================================================
Received Import Request.
  Time since last request: 0.000129 seconds.
  path: Assets/Font/MYRIADPRO-BLACKIT.OTF
  artifactKey: Guid(405c242bc9930a543933238b0ae91da7) Importer(815301076,1909f56bfc062723c751e8b465ee728b)
Start importing Assets/Font/MYRIADPRO-BLACKIT.OTF using Guid(405c242bc9930a543933238b0ae91da7) Importer(815301076,1909f56bfc062723c751e8b465ee728b)  -> (artifact id: '458e4650ccc0cd0a5c613be7610357e9') in 0.010578 seconds 
  Import took 0.013775 seconds .

========================================================================
Received Import Request.
  Time since last request: 0.000143 seconds.
  path: Assets/Font/MYRIADPRO-BLACKSEMICN.OTF
  artifactKey: Guid(0ba7cd3513ce0b04094fe5c491d6ad09) Importer(815301076,1909f56bfc062723c751e8b465ee728b)
Start importing Assets/Font/MYRIADPRO-BLACKSEMICN.OTF using Guid(0ba7cd3513ce0b04094fe5c491d6ad09) Importer(815301076,1909f56bfc062723c751e8b465ee728b)  -> (artifact id: 'c84c73e4dafc0ac5cf0c8ddcd5165d3c') in 0.010729 seconds 
  Import took 0.014674 seconds .

========================================================================
Received Import Request.
  Time since last request: 0.000135 seconds.
  path: Assets/Font/MYRIADPRO-SEMIEXTIT.OTF
  artifactKey: Guid(31a3f3d44122cd64885d69661a94dd47) Importer(815301076,1909f56bfc062723c751e8b465ee728b)
Start importing Assets/Font/MYRIADPRO-SEMIEXTIT.OTF using Guid(31a3f3d44122cd64885d69661a94dd47) Importer(815301076,1909f56bfc062723c751e8b465ee728b)  -> (artifact id: '64d693ad031c69d85418cf2c26610c08') in 0.010433 seconds 
  Import took 0.013582 seconds .

========================================================================
Received Import Request.
  Time since last request: 0.000170 seconds.
  path: Assets/Font/MYRIADPRO-LIGHTSEMIEXTIT.OTF
  artifactKey: Guid(69820d4680bf7ed45817dda2e836e45b) Importer(815301076,1909f56bfc062723c751e8b465ee728b)
Start importing Assets/Font/MYRIADPRO-LIGHTSEMIEXTIT.OTF using Guid(69820d4680bf7ed45817dda2e836e45b) Importer(815301076,1909f56bfc062723c751e8b465ee728b)  -> (artifact id: '2e48d4e56d4f931e492bbd53ae206353') in 0.012519 seconds 
  Import took 0.015950 seconds .

========================================================================
Received Import Request.
  Time since last request: 0.000140 seconds.
  path: Assets/Font/MYRIADPRO-BOLDSEMICNIT.OTF
  artifactKey: Guid(368acac642351894c902d1156d315df6) Importer(815301076,1909f56bfc062723c751e8b465ee728b)
Start importing Assets/Font/MYRIADPRO-BOLDSEMICNIT.OTF using Guid(368acac642351894c902d1156d315df6) Importer(815301076,1909f56bfc062723c751e8b465ee728b)  -> (artifact id: '988a7f292c8b6f4315ba09a0a2e9cc76') in 0.011108 seconds 
  Import took 0.014327 seconds .

========================================================================
Received Import Request.
  Time since last request: 0.000124 seconds.
  path: Assets/Font/MYRIADPRO-SEMIBOLDCONDIT.OTF
  artifactKey: Guid(9812b909950f4584c8009dfc5b6d4654) Importer(815301076,1909f56bfc062723c751e8b465ee728b)
Start importing Assets/Font/MYRIADPRO-SEMIBOLDCONDIT.OTF using Guid(9812b909950f4584c8009dfc5b6d4654) Importer(815301076,1909f56bfc062723c751e8b465ee728b)  -> (artifact id: 'eae80e134c8cfa391c970b4b19306f75') in 0.010596 seconds 
  Import took 0.013928 seconds .

========================================================================
Received Import Request.
  Time since last request: 0.000179 seconds.
  path: Assets/Font/MYRIADPRO-SEMIBOLDIT.OTF
  artifactKey: Guid(ce1773b24e41a054fab576af9473796f) Importer(815301076,1909f56bfc062723c751e8b465ee728b)
Start importing Assets/Font/MYRIADPRO-SEMIBOLDIT.OTF using Guid(ce1773b24e41a054fab576af9473796f) Importer(815301076,1909f56bfc062723c751e8b465ee728b)  -> (artifact id: 'b574346452e08c10b5fc2d303b0d2faa') in 0.013121 seconds 
  Import took 0.016450 seconds .

========================================================================
Received Import Request.
  Time since last request: 0.000147 seconds.
  path: Assets/Font/MYRIADPRO-BOLDIT.OTF
  artifactKey: Guid(194c0527e671d964481f89970092aa25) Importer(815301076,1909f56bfc062723c751e8b465ee728b)
Start importing Assets/Font/MYRIADPRO-BOLDIT.OTF using Guid(194c0527e671d964481f89970092aa25) Importer(815301076,1909f56bfc062723c751e8b465ee728b)  -> (artifact id: '2884da67de165d2d1b88e4b76af7136e') in 0.011194 seconds 
  Import took 0.014775 seconds .

========================================================================
Received Import Request.
  Time since last request: 0.000212 seconds.
  path: Assets/Font/MYRIADPRO-LIGHTSEMIEXT.OTF
  artifactKey: Guid(befb53bf557575041aa48e873909527e) Importer(815301076,1909f56bfc062723c751e8b465ee728b)
Start importing Assets/Font/MYRIADPRO-LIGHTSEMIEXT.OTF using Guid(befb53bf557575041aa48e873909527e) Importer(815301076,1909f56bfc062723c751e8b465ee728b)  -> (artifact id: 'df10827177b5c1cb87c54bff2911d1ea') in 0.011088 seconds 
  Import took 0.014329 seconds .

========================================================================
Received Import Request.
  Time since last request: 0.000136 seconds.
  path: Assets/Font/MYRIADPRO-BLACKCOND.OTF
  artifactKey: Guid(6af0ffe8d3df2c34c900c9eb2a393b04) Importer(815301076,1909f56bfc062723c751e8b465ee728b)
Start importing Assets/Font/MYRIADPRO-BLACKCOND.OTF using Guid(6af0ffe8d3df2c34c900c9eb2a393b04) Importer(815301076,1909f56bfc062723c751e8b465ee728b)  -> (artifact id: 'e375bbb156d68d0fb7c7641ea7bc55b3') in 0.011575 seconds 
  Import took 0.015196 seconds .

========================================================================
Received Import Request.
  Time since last request: 0.000142 seconds.
  path: Assets/Font/MYRIADPRO-SEMIBOLDSEMICN.OTF
  artifactKey: Guid(42c2b6e2b630cb4438388cc576f01feb) Importer(815301076,1909f56bfc062723c751e8b465ee728b)
Start importing Assets/Font/MYRIADPRO-SEMIBOLDSEMICN.OTF using Guid(42c2b6e2b630cb4438388cc576f01feb) Importer(815301076,1909f56bfc062723c751e8b465ee728b)  -> (artifact id: '8e9e277739d1daae6414f96a71ff7f52') in 0.012091 seconds 
  Import took 0.015243 seconds .

========================================================================
Received Import Request.
  Time since last request: 0.000161 seconds.
  path: Assets/Font/MYRIADPRO-SEMIBOLD.OTF
  artifactKey: Guid(932ab50a2a0479247a7bf4c4df07ecff) Importer(815301076,1909f56bfc062723c751e8b465ee728b)
Start importing Assets/Font/MYRIADPRO-SEMIBOLD.OTF using Guid(932ab50a2a0479247a7bf4c4df07ecff) Importer(815301076,1909f56bfc062723c751e8b465ee728b)  -> (artifact id: 'f48120711baa50d148913b1851e4a541') in 0.011579 seconds 
  Import took 0.015160 seconds .

========================================================================
Received Import Request.
  Time since last request: 303.989476 seconds.
  path: Assets/GUI/sound-mute.png
  artifactKey: Guid(461a07d0fbe165e42a8b05b209a6075f) Importer(815301076,1909f56bfc062723c751e8b465ee728b)
Start importing Assets/GUI/sound-mute.png using Guid(461a07d0fbe165e42a8b05b209a6075f) Importer(815301076,1909f56bfc062723c751e8b465ee728b)  -> (artifact id: 'd07b85fe5f7b8f6c005d431d700fe63e') in 0.020527 seconds 
  Import took 0.024279 seconds .

========================================================================
Received Import Request.
  Time since last request: 3.906401 seconds.
  path: Assets/GUI/vibrate-mute.png
  artifactKey: Guid(14cdae9952e51884d877b4a630100db9) Importer(815301076,1909f56bfc062723c751e8b465ee728b)
Start importing Assets/GUI/vibrate-mute.png using Guid(14cdae9952e51884d877b4a630100db9) Importer(815301076,1909f56bfc062723c751e8b465ee728b)  -> (artifact id: 'c4a3012d6fc737682a7b65216da41225') in 0.015838 seconds 
  Import took 0.019076 seconds .

========================================================================
Received Import Request.
  Time since last request: 239.238533 seconds.
  path: Assets/Animations
  artifactKey: Guid(d04729a4cddbbf147a4b73f6330fa0ab) Importer(815301076,1909f56bfc062723c751e8b465ee728b)
Start importing Assets/Animations using Guid(d04729a4cddbbf147a4b73f6330fa0ab) Importer(815301076,1909f56bfc062723c751e8b465ee728b)  -> (artifact id: '03a97a223fc80498006a7fc972ac4752') in 0.004738 seconds 
  Import took 0.008382 seconds .

========================================================================
Received Import Request.
  Time since last request: 88.210999 seconds.
  path: Assets/Animations/UIAnimations
  artifactKey: Guid(bd97c095b2a59a649b017407fb67b860) Importer(815301076,1909f56bfc062723c751e8b465ee728b)
Start importing Assets/Animations/UIAnimations using Guid(bd97c095b2a59a649b017407fb67b860) Importer(815301076,1909f56bfc062723c751e8b465ee728b)  -> (artifact id: 'b6378bfba9f75e047aec97cc1bbf2d6f') in 0.004655 seconds 
  Import took 0.008329 seconds .

========================================================================
Received Import Request.
  Time since last request: 0.805910 seconds.
  path: Assets/Animations/UIAnimations/setting_anim.anim
  artifactKey: Guid(849d62eb87b91b4448f60dd0117b3743) Importer(815301076,1909f56bfc062723c751e8b465ee728b)
Start importing Assets/Animations/UIAnimations/setting_anim.anim using Guid(849d62eb87b91b4448f60dd0117b3743) Importer(815301076,1909f56bfc062723c751e8b465ee728b)  -> (artifact id: '6871f513dc3b9dce80f1ae4e9561c4a6') in 0.006320 seconds 
  Import took 0.009804 seconds .

========================================================================
Received Import Request.
  Time since last request: 461.185557 seconds.
  path: Assets/Animations/UIAnimations/about_anim.anim
  artifactKey: Guid(73ea08c7e6eaf1340b9652ab2e5d8992) Importer(815301076,1909f56bfc062723c751e8b465ee728b)
Start importing Assets/Animations/UIAnimations/about_anim.anim using Guid(73ea08c7e6eaf1340b9652ab2e5d8992) Importer(815301076,1909f56bfc062723c751e8b465ee728b)  -> (artifact id: '735e8109f0088add32cd547f83357029') in 0.006906 seconds 
  Import took 0.010873 seconds .

========================================================================
Received Import Request.
  Time since last request: 1166.782850 seconds.
  path: Assets/Animations/UIAnimations/about_anim.anim
  artifactKey: Guid(73ea08c7e6eaf1340b9652ab2e5d8992) Importer(815301076,1909f56bfc062723c751e8b465ee728b)
Start importing Assets/Animations/UIAnimations/about_anim.anim using Guid(73ea08c7e6eaf1340b9652ab2e5d8992) Importer(815301076,1909f56bfc062723c751e8b465ee728b)  -> (artifact id: 'fd6d4e8445adb85e63b431046ac59f82') in 0.002092 seconds 
  Import took 0.005929 seconds .

AssetImportWorkerClient::OnTransportError - code=2 error=End of file
